<?xml version="1.0" encoding="UTF-8"?>
<testsuite xmlns:xsi="http://www.w3.org/2001/XMLSchema-instance" xsi:noNamespaceSchemaLocation="https://maven.apache.org/surefire/maven-surefire-plugin/xsd/surefire-test-report-3.0.xsd" version="3.0" name="com.lianshidai.api.RegisterLoginApiApplicationTests" time="3.334" tests="1" errors="0" skipped="0" failures="0">
  <properties>
[...]
</properties>
  <testcase name="contextLoads" classname="com.lianshidai.api.RegisterLoginApiApplicationTests" time="0.469">
    <system-out><![CDATA[18:55:45.306 [main] INFO org.springframework.test.context.support.AnnotationConfigContextLoaderUtils -- Could not detect default configuration classes for test class [com.lianshidai.api.RegisterLoginApiApplicationTests]: RegisterLoginApiApplicationTests does not declare any static, non-private, non-final, nested classes annotated with @Configuration.
18:55:45.383 [main] INFO org.springframework.boot.test.context.SpringBootTestContextBootstrapper -- Found @SpringBootConfiguration com.lianshidai.api.RegisterLoginApiApplication for test class com.lianshidai.api.RegisterLoginApiApplicationTests

  .   ____          _            __ _ _
 /\\ / ___'_ __ _ _(_)_ __  __ _ \ \ \ \
( ( )\___ | '_ | '_| | '_ \/ _` | \ \ \ \
 \\/  ___)| |_)| | | | | || (_| |  ) ) ) )
  '  |____| .__|_| |_|_| |_\__, | / / / /
 =========|_|==============|___/=/_/_/_/

 :: Spring Boot ::                (v3.3.9)

2025-03-18T18:55:45.683+08:00  INFO 7660 --- [register-login-API] [           main] c.l.a.RegisterLoginApiApplicationTests   : Starting RegisterLoginApiApplicationTests using Java 23.0.1 with PID 7660 (started by 14693 in C:\Users\14693\Desktop\register-login-API-with-security)
2025-03-18T18:55:45.684+08:00  INFO 7660 --- [register-login-API] [           main] c.l.a.RegisterLoginApiApplicationTests   : No active profile set, falling back to 1 default profile: "default"
2025-03-18T18:55:47.108+08:00  INFO 7660 --- [register-login-API] [           main] r$InitializeUserDetailsManagerConfigurer : Global AuthenticationManager configured with UserDetailsService bean with name customUserDetailsService
2025-03-18T18:55:48.040+08:00  INFO 7660 --- [register-login-API] [           main] c.l.a.RegisterLoginApiApplicationTests   : Started RegisterLoginApiApplicationTests in 2.555 seconds (process running for 3.3)
漳卅
]]></system-out>
    <system-err><![CDATA[WARNING: A Java agent has been loaded dynamically (C:\Users\14693\.m2\repository\net\bytebuddy\byte-buddy-agent\1.14.19\byte-buddy-agent-1.14.19.jar)
WARNING: If a serviceability tool is in use, please run with -XX:+EnableDynamicAgentLoading to hide this warning
WARNING: If a serviceability tool is not in use, please run with -Djdk.instrument.traceUsage for more information
WARNING: Dynamic loading of agents will be disallowed by default in a future release
]]></system-err>
  </testcase>
</testsuite>